<?xml version="1.0" encoding="UTF-8"?>
<!-- Generated by org.testng.reporters.JUnitReportReporter -->
<testsuite hostname="LAPTOP-LO4NB92F" failures="0" tests="52" name="com.hopin.HopIn.services.RideServiceTest" time="0.510" errors="0" timestamp="2023-02-07T23:30:30 CET" skipped="0">
  <testcase classname="com.hopin.HopIn.services.RideServiceTest" name="shouldThrowNoActiveDriverRideExceptionWhenGettingActiveRideForDriver" time="0.007"/>
  <system-out/>
  <testcase classname="com.hopin.HopIn.services.RideServiceTest" name="shouldThrowUserNotFoundExceptionForInvalidId" time="0.007"/>
  <system-out/>
  <testcase classname="com.hopin.HopIn.services.RideServiceTest" name="shouldThrowExceptionForStartingToDepartureRideWithNonExistantRideId" time="0.009"/>
  <system-out/>
  <testcase classname="com.hopin.HopIn.services.RideServiceTest" name="shouldGetRideForExistingId" time="0.006"/>
  <system-out/>
  <testcase classname="com.hopin.HopIn.services.RideServiceTest" name="shouldThrowExceptionForNoActiveRidesPassenger" time="0.007"/>
  <system-out/>
  <testcase classname="com.hopin.HopIn.services.RideServiceTest" name="shouldThrowExceptionForAcceptingRideWithNonExistingId" time="0.007"/>
  <system-out/>
  <testcase classname="com.hopin.HopIn.services.RideServiceTest" name="shouldThrowExceptionForRejectingRideWithNonExistingId" time="0.008"/>
  <system-out/>
  <testcase classname="com.hopin.HopIn.services.RideServiceTest" name="shouldThrowExceptionForCancelingRideWithNonExistingId" time="0.008"/>
  <system-out/>
  <testcase classname="com.hopin.HopIn.services.RideServiceTest" name="shouldReturnNullExceptionWhenGettingScheduledRidesForUser" time="0.007"/>
  <system-out/>
  <testcase classname="com.hopin.HopIn.services.RideServiceTest" name="shouldRejectRide" time="0.007"/>
  <system-out/>
  <testcase classname="com.hopin.HopIn.services.RideServiceTest" name="shouldThrowExceptionForAcceptingRideWithBadStatus" time="0.012"/>
  <system-out/>
  <testcase classname="com.hopin.HopIn.services.RideServiceTest" name="shouldThrowExceptionForStartingToDepartureRideWithNoScheduledTime" time="0.008"/>
  <system-out/>
  <testcase classname="com.hopin.HopIn.services.RideServiceTest" name="shouldGetNullWhenGettingPendingRideForPassenger" time="0.011"/>
  <system-out/>
  <testcase classname="com.hopin.HopIn.services.RideServiceTest" name="shouldThrowNoPendingDriverRideExceptionWhenGettingPendingRideForDriver" time="0.011"/>
  <system-out/>
  <testcase classname="com.hopin.HopIn.services.RideServiceTest" name="shouldNotFlushForInvalidReasonWhenPanicRide" time="0.009"/>
  <system-out/>
  <testcase classname="com.hopin.HopIn.services.RideServiceTest" name="shouldGetActiveRideForDriverWhenDriverIsGoingToDeparture" time="0.008"/>
  <system-out/>
  <testcase classname="com.hopin.HopIn.services.RideServiceTest" name="shouldThrowExceptionForGettingRidesBetweenInvalidFomrattedDates" time="0.006"/>
  <system-out/>
  <testcase classname="com.hopin.HopIn.services.RideServiceTest" name="shouldThrowExceptionForStartingToDepartureRideWithWrongStatus" time="0.007"/>
  <system-out/>
  <testcase classname="com.hopin.HopIn.services.RideServiceTest" name="shouldReturnEmptyListWhenNoRidesInDates" time="0.008"/>
  <system-out/>
  <testcase classname="com.hopin.HopIn.services.RideServiceTest" name="shouldThrowExceptionForInsertingFavoriteRideForPassengerWithMoreThen10" time="0.008"/>
  <system-out/>
  <testcase classname="com.hopin.HopIn.services.RideServiceTest" name="shouldGetPendingRideForDriver" time="0.007"/>
  <system-out/>
  <testcase classname="com.hopin.HopIn.services.RideServiceTest" name="shouldGetScheduledRidesForUserWithDriverRole" time="0.008"/>
  <system-out/>
  <testcase classname="com.hopin.HopIn.services.RideServiceTest" name="shouldThrowExceptionForCancelingRideWithBadStatus" time="0.007"/>
  <system-out/>
  <testcase classname="com.hopin.HopIn.services.RideServiceTest" name="shouldGetScheduledRidesForUserWithPassengerRole" time="0.013"/>
  <system-out/>
  <testcase classname="com.hopin.HopIn.services.RideServiceTest" name="shouldThrowExceptionForGettingRidesBetweenInvalidDateRange" time="0.007"/>
  <system-out/>
  <testcase classname="com.hopin.HopIn.services.RideServiceTest" name="shouldGetActiveRideForPassenger" time="0.009"/>
  <system-out/>
  <testcase classname="com.hopin.HopIn.services.RideServiceTest" name="shouldThrowExceptionForFinishingRideWithWrongStatus" time="0.011"/>
  <system-out/>
  <testcase classname="com.hopin.HopIn.services.RideServiceTest" name="shouldThrowExceptionForNonExistingRideId" time="0.008"/>
  <system-out/>
  <testcase classname="com.hopin.HopIn.services.RideServiceTest" name="shouldInsertFavoriteRideForValidInputs" time="0.011"/>
  <system-out/>
  <testcase classname="com.hopin.HopIn.services.RideServiceTest" name="shouldThrowExceptionForRejectingRideWithBadStatus" time="0.006"/>
  <system-out/>
  <testcase classname="com.hopin.HopIn.services.RideServiceTest" name="shouldPanicRide" time="0.011"/>
  <system-out/>
  <testcase classname="com.hopin.HopIn.services.RideServiceTest" name="shouldThrowExceptionWhenTryingToGetPriceButVehicleIsNull" time="0.007"/>
  <system-out/>
  <testcase classname="com.hopin.HopIn.services.RideServiceTest" name="shouldFinishRideForExistingRideWithStatusStarted" time="0.010"/>
  <system-out/>
  <testcase classname="com.hopin.HopIn.services.RideServiceTest" name="shouldGetAllAcceptedRides" time="0.008"/>
  <system-out/>
  <testcase classname="com.hopin.HopIn.services.RideServiceTest" name="shouldCancelRide" time="0.006"/>
  <system-out/>
  <testcase classname="com.hopin.HopIn.services.RideServiceTest" name="shouldThrowExceptionForNonExistantPassengerId" time="0.010"/>
  <system-out/>
  <testcase classname="com.hopin.HopIn.services.RideServiceTest" name="shouldGetFavoriteRides" time="0.011"/>
  <system-out/>
  <testcase classname="com.hopin.HopIn.services.RideServiceTest" name="shouldThrowExceptionForStartingRideWithNonExistantRideId" time="0.010"/>
  <system-out/>
  <testcase classname="com.hopin.HopIn.services.RideServiceTest" name="shouldGetActiveRideForDriverWhenRideStarted" time="0.007"/>
  <system-out/>
  <testcase classname="com.hopin.HopIn.services.RideServiceTest" name="shouldAcceptRide" time="0.059"/>
  <system-out/>
  <testcase classname="com.hopin.HopIn.services.RideServiceTest" name="shouldGetAllRidesBewteenDates" time="0.022"/>
  <system-out/>
  <testcase classname="com.hopin.HopIn.services.RideServiceTest" name="shouldGetRideSugestionPrice" time="0.007"/>
  <system-out/>
  <testcase classname="com.hopin.HopIn.services.RideServiceTest" name="shouldThrowExceptionForInsertingFavoriteRideWhereCurrentUserIsNotInRide" time="0.006"/>
  <system-out/>
  <testcase classname="com.hopin.HopIn.services.RideServiceTest" name="shouldThrowExceptionForNonExistingFavoriteRideId" time="0.008"/>
  <system-out/>
  <testcase classname="com.hopin.HopIn.services.RideServiceTest" name="shouldGetPendingRideForPassenger" time="0.008"/>
  <system-out/>
  <testcase classname="com.hopin.HopIn.services.RideServiceTest" name="shouldStartRideToDepartureForValidRide" time="0.008"/>
  <system-out/>
  <testcase classname="com.hopin.HopIn.services.RideServiceTest" name="shouldStartRideForExistingRideWithStatusAccepted" time="0.008"/>
  <system-out/>
  <testcase classname="com.hopin.HopIn.services.RideServiceTest" name="shouldThrowExceptionForStartingRideWithWrongStatus" time="0.007"/>
  <system-out/>
  <testcase classname="com.hopin.HopIn.services.RideServiceTest" name="shouldThrowNullExceptionForRejectingRideWithNullReason" time="0.013"/>
  <system-out/>
  <testcase classname="com.hopin.HopIn.services.RideServiceTest" name="shouldReturnNullForNonExistingRideWhenPanicRide" time="0.008"/>
  <system-out/>
  <testcase classname="com.hopin.HopIn.services.RideServiceTest" name="shouldDeleteFavoriteRideForExistingId" time="0.022"/>
  <system-out/>
  <testcase classname="com.hopin.HopIn.services.RideServiceTest" name="shouldThrowExceptionForFinishingRideWithNonExistantRideId" time="0.006"/>
  <system-out/>
</testsuite> <!-- com.hopin.HopIn.services.RideServiceTest -->
